Mobile/app/build/intermediates/manifest_merge_blame_file/debug/processDebugMainManifest/manifest-merger-blame-debug-report.txt
1<?xml version="1.0" encoding="utf-8"?>
2<manifest xmlns:android="http://schemas.android.com/apk/res/android"
3    package="org.musicwavver"
4    android:versionCode="1"
5    android:versionName="1.0.0" >
6
7    <uses-sdk
8        android:minSdkVersion="24"
9        android:targetSdkVersion="36" />
10
11    <uses-permission android:name="android.permission.INTERNET" />
11-->src\main\AndroidManifest.xml:4:5-67
11-->src\main\AndroidManifest.xml:4:22-64
12    <uses-permission android:name="android.permission.ACCESS_NETWORK_STATE" />
12-->src\main\AndroidManifest.xml:5:5-79
12-->src\main\AndroidManifest.xml:5:22-76
13    <uses-permission android:name="android.permission.FOREGROUND_SERVICE" />
13-->src\main\AndroidManifest.xml:6:5-77
13-->src\main\AndroidManifest.xml:6:22-74
14    <uses-permission android:name="android.permission.FOREGROUND_SERVICE_MEDIA_PLAYBACK" />
14-->src\main\AndroidManifest.xml:7:5-92
14-->src\main\AndroidManifest.xml:7:22-89
15    <uses-permission android:name="android.permission.POST_NOTIFICATIONS" />
15-->src\main\AndroidManifest.xml:8:5-77
15-->src\main\AndroidManifest.xml:8:22-74
16
17    <permission
17-->[androidx.core:core:1.15.0] AndroidManifest.xml:22:5-24:47
18        android:name="org.musicwavver.DYNAMIC_RECEIVER_NOT_EXPORTED_PERMISSION"
18-->[androidx.core:core:1.15.0] AndroidManifest.xml:23:9-81
19        android:protectionLevel="signature" />
19-->[androidx.core:core:1.15.0] AndroidManifest.xml:24:9-44
20
21    <uses-permission android:name="org.musicwavver.DYNAMIC_RECEIVER_NOT_EXPORTED_PERMISSION" />
21-->[androidx.core:core:1.15.0] AndroidManifest.xml:26:5-97
21-->[androidx.core:core:1.15.0] AndroidManifest.xml:26:22-94
22
23    <application
23-->src\main\AndroidManifest.xml:10:5-54:19
24        android:name="org.musicwavver.MusicWavverApp"
24-->src\main\AndroidManifest.xml:11:9-39
25        android:allowBackup="true"
25-->src\main\AndroidManifest.xml:12:9-35
26        android:appComponentFactory="androidx.core.app.CoreComponentFactory"
26-->[androidx.core:core:1.15.0] AndroidManifest.xml:28:18-86
27        android:debuggable="true"
28        android:extractNativeLibs="false"
29        android:icon="@drawable/ic_logo"
29-->src\main\AndroidManifest.xml:13:9-41
30        android:label="@string/app_name"
30-->src\main\AndroidManifest.xml:14:9-41
31        android:supportsRtl="true"
31-->src\main\AndroidManifest.xml:15:9-35
32        android:theme="@style/Theme.MusicWavver" >
32-->src\main\AndroidManifest.xml:16:9-49
33        <activity
33-->src\main\AndroidManifest.xml:18:9-27:20
34            android:name="org.musicwavver.MainActivity"
34-->src\main\AndroidManifest.xml:19:13-41
35            android:configChanges="orientation|screenSize|screenLayout|keyboardHidden"
35-->src\main\AndroidManifest.xml:21:13-87
36            android:exported="true"
36-->src\main\AndroidManifest.xml:20:13-36
37            android:windowSoftInputMode="adjustResize" >
37-->src\main\AndroidManifest.xml:22:13-55
38            <intent-filter>
38-->src\main\AndroidManifest.xml:23:13-26:29
39                <action android:name="android.intent.action.MAIN" />
39-->src\main\AndroidManifest.xml:24:17-69
39-->src\main\AndroidManifest.xml:24:25-66
40
41                <category android:name="android.intent.category.LAUNCHER" />
41-->src\main\AndroidManifest.xml:25:17-77
41-->src\main\AndroidManifest.xml:25:27-74
42            </intent-filter>
43        </activity>
44
45        <service
45-->src\main\AndroidManifest.xml:29:9-41:19
46            android:name="org.musicwavver.player.PlaybackService"
46-->src\main\AndroidManifest.xml:30:13-51
47            android:exported="false"
47-->src\main\AndroidManifest.xml:31:13-37
48            android:foregroundServiceType="mediaPlayback" >
48-->src\main\AndroidManifest.xml:32:13-58
49            <intent-filter>
49-->src\main\AndroidManifest.xml:33:13-40:29
50                <action android:name="org.musicwavver.action.PLAY" />
50-->src\main\AndroidManifest.xml:34:17-70
50-->src\main\AndroidManifest.xml:34:25-67
51                <action android:name="org.musicwavver.action.PAUSE" />
51-->src\main\AndroidManifest.xml:35:17-71
51-->src\main\AndroidManifest.xml:35:25-68
52                <action android:name="org.musicwavver.action.TOGGLE" />
52-->src\main\AndroidManifest.xml:36:17-72
52-->src\main\AndroidManifest.xml:36:25-69
53                <action android:name="org.musicwavver.action.NEXT" />
53-->src\main\AndroidManifest.xml:37:17-70
53-->src\main\AndroidManifest.xml:37:25-67
54                <action android:name="org.musicwavver.action.PREV" />
54-->src\main\AndroidManifest.xml:38:17-70
54-->src\main\AndroidManifest.xml:38:25-67
55                <action android:name="org.musicwavver.action.STOP" />
55-->src\main\AndroidManifest.xml:39:17-70
55-->src\main\AndroidManifest.xml:39:25-67
56            </intent-filter>
57        </service>
58
59        <receiver
59-->src\main\AndroidManifest.xml:43:9-52:20
60            android:name="org.musicwavver.widget.MusicWavverWidget"
60-->src\main\AndroidManifest.xml:44:13-53
61            android:exported="true" >
61-->src\main\AndroidManifest.xml:45:13-36
62            <intent-filter>
62-->src\main\AndroidManifest.xml:46:13-48:29
63                <action android:name="android.appwidget.action.APPWIDGET_UPDATE" />
63-->src\main\AndroidManifest.xml:47:17-84
63-->src\main\AndroidManifest.xml:47:25-81
64            </intent-filter>
65
66            <meta-data
66-->src\main\AndroidManifest.xml:49:13-51:68
67                android:name="android.appwidget.provider"
67-->src\main\AndroidManifest.xml:50:17-58
68                android:resource="@xml/music_wavver_widget_info" />
68-->src\main\AndroidManifest.xml:51:17-65
69        </receiver>
70
71        <provider
71-->[androidx.emoji2:emoji2:1.3.0] AndroidManifest.xml:24:9-32:20
72            android:name="androidx.startup.InitializationProvider"
72-->[androidx.emoji2:emoji2:1.3.0] AndroidManifest.xml:25:13-67
73            android:authorities="org.musicwavver.androidx-startup"
73-->[androidx.emoji2:emoji2:1.3.0] AndroidManifest.xml:26:13-68
74            android:exported="false" >
74-->[androidx.emoji2:emoji2:1.3.0] AndroidManifest.xml:27:13-37
75            <meta-data
75-->[androidx.emoji2:emoji2:1.3.0] AndroidManifest.xml:29:13-31:52
76                android:name="androidx.emoji2.text.EmojiCompatInitializer"
76-->[androidx.emoji2:emoji2:1.3.0] AndroidManifest.xml:30:17-75
77                android:value="androidx.startup" />
77-->[androidx.emoji2:emoji2:1.3.0] AndroidManifest.xml:31:17-49
78            <meta-data
78-->[androidx.lifecycle:lifecycle-process:2.8.7] AndroidManifest.xml:29:13-31:52
79                android:name="androidx.lifecycle.ProcessLifecycleInitializer"
79-->[androidx.lifecycle:lifecycle-process:2.8.7] AndroidManifest.xml:30:17-78
80                android:value="androidx.startup" />
80-->[androidx.lifecycle:lifecycle-process:2.8.7] AndroidManifest.xml:31:17-49
81            <meta-data
81-->[androidx.profileinstaller:profileinstaller:1.3.1] AndroidManifest.xml:29:13-31:52
82                android:name="androidx.profileinstaller.ProfileInstallerInitializer"
82-->[androidx.profileinstaller:profileinstaller:1.3.1] AndroidManifest.xml:30:17-85
83                android:value="androidx.startup" />
83-->[androidx.profileinstaller:profileinstaller:1.3.1] AndroidManifest.xml:31:17-49
84        </provider>
85
86        <receiver
86-->[androidx.profileinstaller:profileinstaller:1.3.1] AndroidManifest.xml:34:9-52:20
87            android:name="androidx.profileinstaller.ProfileInstallReceiver"
87-->[androidx.profileinstaller:profileinstaller:1.3.1] AndroidManifest.xml:35:13-76
88            android:directBootAware="false"
88-->[androidx.profileinstaller:profileinstaller:1.3.1] AndroidManifest.xml:36:13-44
89            android:enabled="true"
89-->[androidx.profileinstaller:profileinstaller:1.3.1] AndroidManifest.xml:37:13-35
90            android:exported="true"
90-->[androidx.profileinstaller:profileinstaller:1.3.1] AndroidManifest.xml:38:13-36
91            android:permission="android.permission.DUMP" >
91-->[androidx.profileinstaller:profileinstaller:1.3.1] AndroidManifest.xml:39:13-57
92            <intent-filter>
92-->[androidx.profileinstaller:profileinstaller:1.3.1] AndroidManifest.xml:40:13-42:29
93                <action android:name="androidx.profileinstaller.action.INSTALL_PROFILE" />
93-->[androidx.profileinstaller:profileinstaller:1.3.1] AndroidManifest.xml:41:17-91
93-->[androidx.profileinstaller:profileinstaller:1.3.1] AndroidManifest.xml:41:25-88
94            </intent-filter>
95            <intent-filter>
95-->[androidx.profileinstaller:profileinstaller:1.3.1] AndroidManifest.xml:43:13-45:29
96                <action android:name="androidx.profileinstaller.action.SKIP_FILE" />
96-->[androidx.profileinstaller:profileinstaller:1.3.1] AndroidManifest.xml:44:17-85
96-->[androidx.profileinstaller:profileinstaller:1.3.1] AndroidManifest.xml:44:25-82
97            </intent-filter>
98            <intent-filter>
98-->[androidx.profileinstaller:profileinstaller:1.3.1] AndroidManifest.xml:46:13-48:29
99                <action android:name="androidx.profileinstaller.action.SAVE_PROFILE" />
99-->[androidx.profileinstaller:profileinstaller:1.3.1] AndroidManifest.xml:47:17-88
99-->[androidx.profileinstaller:profileinstaller:1.3.1] AndroidManifest.xml:47:25-85
100            </intent-filter>
101            <intent-filter>
101-->[androidx.profileinstaller:profileinstaller:1.3.1] AndroidManifest.xml:49:13-51:29
102                <action android:name="androidx.profileinstaller.action.BENCHMARK_OPERATION" />
102-->[androidx.profileinstaller:profileinstaller:1.3.1] AndroidManifest.xml:50:17-95
102-->[androidx.profileinstaller:profileinstaller:1.3.1] AndroidManifest.xml:50:25-92
103            </intent-filter>
104        </receiver>
105    </application>
106
107</manifest>